{"/Users/sho/Desktop/Epicodus/age-calculator/src/js/age-calculator.js": {"path":"/Users/sho/Desktop/Epicodus/age-calculator/src/js/age-calculator.js","statementMap":{"0":{"start":{"line":2,"column":30},"end":{"line":7,"column":1}},"1":{"start":{"line":10,"column":21},"end":{"line":10,"column":61}},"2":{"start":{"line":11,"column":2},"end":{"line":11,"column":22}},"3":{"start":{"line":16,"column":4},"end":{"line":16,"column":25}},"4":{"start":{"line":17,"column":4},"end":{"line":17,"column":21}},"5":{"start":{"line":18,"column":4},"end":{"line":18,"column":19}},"6":{"start":{"line":19,"column":4},"end":{"line":19,"column":31}},"7":{"start":{"line":20,"column":4},"end":{"line":20,"column":27}},"8":{"start":{"line":21,"column":4},"end":{"line":21,"column":29}},"9":{"start":{"line":22,"column":4},"end":{"line":22,"column":25}},"10":{"start":{"line":26,"column":14},"end":{"line":26,"column":73}},"11":{"start":{"line":27,"column":24},"end":{"line":27,"column":85}},"12":{"start":{"line":28,"column":3},"end":{"line":28,"column":25}}},"fnMap":{"0":{"name":"galacticYears","decl":{"start":{"line":9,"column":16},"end":{"line":9,"column":29}},"loc":{"start":{"line":9,"column":43},"end":{"line":12,"column":1}},"line":9},"1":{"name":"(anonymous_1)","decl":{"start":{"line":15,"column":2},"end":{"line":15,"column":3}},"loc":{"start":{"line":15,"column":71},"end":{"line":23,"column":3}},"line":15},"2":{"name":"(anonymous_2)","decl":{"start":{"line":25,"column":2},"end":{"line":25,"column":3}},"loc":{"start":{"line":25,"column":20},"end":{"line":29,"column":3}},"line":25}},"branchMap":{},"s":{"0":1,"1":6,"2":6,"3":2,"4":2,"5":2,"6":2,"7":2,"8":2,"9":2,"10":1,"11":1,"12":1},"f":{"0":6,"1":2,"2":1},"b":{},"_coverageSchema":"43e27e138ebf9cfc5966b082cf9a028302ed4184","hash":"71a089d41851b03ff599101bb4efe683dc5caa43"}
}
